0 1.0240015664748225 1.026 
1 1.0224575664903597 1.024 
2 1.0240019246782897 1.0206 
3 1.0239682457653516 1.0249 
4 1.0224655450255558 1.0259 
5 1.0223801706996922 1.0214 
6 1.0224515750903393 1.0257 
7 1.022423792690996 1.021 
8 1.0239952979141485 1.0252 
9 1.0240372544419891 1.0233 
10 1.0240765244438264 1.021 
11 1.0224743234139042 1.0232 
12 1.022468212035911 1.0255 
13 1.022501028511033 1.0232 
14 1.022487238542776 1.0193 
15 1.0224587887659584 1.0223 
16 1.0241015363902672 1.0198 
17 1.022410667600672 1.0239 
18 1.0224393473352709 1.0221 
19 1.0224504602950082 1.0216 
20 1.0223784735112844 1.019 
21 1.02250819219583 1.0232 
22 1.0224897880746995 1.0265 
23 1.022450232836768 1.0192 
24 1.0241057024523301 1.0222 
25 1.0224997362482835 1.0203 
26 1.0240542768937075 1.0224 
27 1.022491992669951 1.025 
28 1.0224502678303433 1.0239 
29 1.0241331283786579 1.0218 
30 1.0224465010219033 1.0213 
31 1.0239533803214675 1.0272 
32 1.0225096144347166 1.0231 
33 1.0224546520254354 1.0241 
34 1.0224668922782094 1.0211 
35 1.0224822594569016 1.0202 
36 1.0224688919110907 1.0235 
37 1.02243927734812 1.0288 
38 1.0224782526925158 1.0213 
39 1.0240171016034494 1.0246 
40 1.0239866309476515 1.0275 
41 1.0224438165147602 1.0218 
42 1.0239684560152127 1.0226 
43 1.022467764618054 1.0237 
44 1.0240153339472098 1.0288 
45 1.0224700466990797 1.0224 
46 1.0224737160254167 1.0241 
47 1.0224382525362683 1.0264 
48 1.0223922834758703 1.0199 
49 1.022400964382116 1.0226 
50 1.0224125197606282 1.0203 
51 1.0241332296100727 1.0269 
52 1.0224968992691332 1.026 
53 1.0224488605887032 1.0193 
54 1.022507409839465 1.0273 
55 1.0240061452495757 1.0254 
56 1.0239888580387728 1.0185 
57 1.0224732611089362 1.0262 
58 1.022410985042392 1.0216 
59 1.0239823091449507 1.0205 
60 1.0224374176895403 1.0245 
61 1.0224450287921945 1.0226 
62 1.022496996751236 1.0174 
63 1.022491110331942 1.0233 
64 1.022415544205361 1.0236 
65 1.0224275894939292 1.0257 
66 1.0224531473016922 1.0208 
67 1.0224270820870855 1.019 
68 1.022461490769889 1.0243 
69 1.0224198834087133 1.0232 
70 1.0224877184546672 1.0221 
71 1.0224635678885445 1.0254 
72 1.0224898830572613 1.0256 
73 1.0223859146451437 1.0236 
74 1.0224161190998144 1.0189 
75 1.0224339533255737 1.0254 
76 1.02250204332472 1.0248 
77 1.0224248649941285 1.0234 
78 1.0223654334053578 1.0229 
79 1.0224528923485 1.0244 
80 1.0224708815458075 1.0227 
81 1.0224365978400591 1.0234 
82 1.0224192110321568 1.0236 
83 1.0224524999205469 1.0213 
84 1.0225006710766553 1.0212 
85 1.0239917314535414 1.0275 
86 1.022481774545928 1.0262 
87 1.0225078322619112 1.019 
88 1.022410985042392 1.0204 
89 1.0240219840724465 1.0241 
90 1.0224445613780084 1.0254 
91 1.0223986947987957 1.0242 
92 1.0224981565383073 1.0272 
93 1.0224928650097953 1.0235 
94 1.0224604909534485 1.0247 
95 1.0224459636205665 1.0226 
96 1.0224580089091346 1.021 
97 1.0224505252830767 1.0217 
98 1.0241047368603755 1.023 
99 1.0241031794539968 1.0229 
100 1.022434208278766 1.0226 
101 1.022499458799221 1.0217 
102 1.0224934898950708 1.0229 
103 1.022387624331257 1.022 
104 1.022475915621586 1.0214 
105 1.0240826061157349 1.0261 
106 1.0224909728571816 1.0249 
107 1.0224177038088726 1.0185 
108 1.0224693568257357 1.0213 
109 1.0224166140089526 1.0217 
110 1.0224438390106303 1.0204 
111 1.022451790050874 1.0205 
112 1.024036748284916 1.0269 
113 1.0240161671596222 1.0233 
114 1.0224686819496382 1.0189 
115 1.0240027656777342 1.0272 
116 1.0224726187268731 1.0197 
117 1.0224654550420762 1.0212 
118 1.0224068258059988 1.0254 
119 1.0225089920489823 1.0213 
120 1.022483849165042 1.0254 
121 1.0224804047974043 1.024 
122 1.0224800248671568 1.0265 
123 1.0224963993609129 1.0256 
124 1.0224584738237796 1.024 
125 1.022449325503348 1.0218 
126 1.0239619382695182 1.0235 
127 1.0240446676963513 1.0253 
128 1.0239778238145802 1.0229 
129 1.0224845240411395 1.0227 
130 1.0224985239708493 1.0182 
131 1.0240165175760574 1.0289 
132 1.0225014809279722 1.0234 
133 1.0225071223922384 1.019 
134 1.0224821969683742 1.021 
135 1.0224313463042047 1.0221 
136 1.0224985464667191 1.019 
137 1.0224634429114894 1.0193 
138 1.022480274821267 1.0196 
139 1.0225008760390257 1.0206 
140 1.0240642209334352 1.0252 
141 1.0224400147127448 1.0185 
142 1.0239537852471259 1.0248 
143 1.0224333584347916 1.017 
144 1.0240319281121741 1.0251 
145 1.0224572665454275 1.025 
146 1.0224480757327972 1.0263 
147 1.0225056551616118 1.0214 
148 1.022443761524856 1.0201 
149 1.0224037688672318 1.0289 
150 1.0225065100046686 1.022 
151 1.0239661354797085 1.023 
152 1.0224669347704083 1.0222 
153 1.0225079397421786 1.0231 
154 1.0224599210580774 1.0215 
155 1.0240635434616605 1.0274 
156 1.0224957194857334 1.0203 
157 1.0224719838434333 1.0247 
158 1.0224782501929748 1.02 
159 1.022449253016656 1.0216 
160 1.0224853038979633 1.0231 
161 1.022419828418809 1.0189 
162 1.0225001386744008 1.0196 
163 1.022462105657 1.024 
164 1.0224747708317614 1.0198 
165 1.0225078747541099 1.0194 
166 1.02247286118236 1.0253 
167 1.0224001770266689 1.0197 
168 1.0240304563631464 1.0213 
169 1.0224114649542833 1.0265 
170 1.02244914803593 1.02 
171 1.0223763314045604 1.028 
172 1.0224512026587154 1.0253 
173 1.0224880134005174 1.021 
174 1.0225070274096766 1.0212 
175 1.0224610033593744 1.0201 
176 1.0224994388028923 1.0244 
177 1.0224098452516495 1.0175 
178 1.0225009210307656 1.0188 
179 1.0224368078015116 1.0255 
180 1.022422660398877 1.0176 
181 1.0224548994800045 1.0207 
182 1.0225008385459091 1.0224 
183 1.0224518300435317 1.0205 

