0 649.8312015184807 640.5455 
1 656.5670657151547 640.0 
2 652.1138031607325 630.4545 
3 660.5776118637763 678.3636 
4 651.8096265942722 633.0909 
5 655.7734471107428 659.6364 
6 655.7734471107428 657.2727 
7 651.7807674621009 636.0909 
8 660.6025232389792 662.9091 
9 660.6714852166749 658.9091 
10 652.225678959508 672.5455 
11 651.9291426861444 648.7273 
12 650.4648961354758 680.3636 
13 661.4917378148175 650.1818 
14 650.5794916430423 660.5455 
15 660.4533587850207 673.3636 
16 649.9191387693904 643.9091 
17 660.6247004388549 651.8182 
18 656.1373717241506 655.3636 
19 660.4922448341177 638.9091 
20 649.8559810874656 629.8182 
21 661.1688013289562 665.2727 
22 653.0083107156363 629.4545 
23 647.9996207194272 637.4545 
24 653.6714263798926 649.0909 
25 648.4472519256253 643.8182 
26 650.3076918568502 681.2727 
27 649.3487098474395 619.3636 
28 653.6919122109678 630.8182 
29 660.7131054410991 656.9091 
30 654.4012173741705 671.0 
31 649.6478578164746 631.1818 
32 654.0181037042928 655.2727 
33 649.6644782590864 640.7273 
34 661.1244469292047 680.5455 
35 652.4487606288494 617.4545 
36 645.3972791154613 620.7273 
37 658.7342739105344 643.2727 
38 660.5861181870164 695.5455 
39 656.770288399817 666.0909 
40 661.1824722055919 654.4545 
41 660.7434851669562 702.4545 
42 644.756072216466 611.0909 
43 649.9911255058975 638.5455 
44 645.2407647630218 618.6364 
45 655.7680276911377 670.4545 
46 644.8377290286745 609.6364 
47 660.870472421039 676.6364 
48 648.9779428802408 630.2727 
49 647.5702283011169 634.2 
50 655.0841920231061 635.0 
51 660.5776118637763 649.6364 
52 650.3270320082529 674.0909 
53 646.7234673621606 644.4545 
54 658.7480235494223 639.9091 
55 650.8843812195252 657.0 
56 644.7044632979146 648.8182 
57 661.0858646773661 669.0909 
58 646.7606367156379 638.1818 
59 654.7505944093847 672.7273 
60 644.1636265161346 619.0 
61 660.7240421424077 638.4545 
62 656.1290615028447 664.7273 
63 660.5639409871405 660.3636 
64 660.815181319979 662.2727 
65 649.4461660791176 617.8182 
66 653.3729683370437 652.7273 
67 648.7643801916678 624.5455 
68 656.3356738245072 657.0909 
69 648.893136158279 644.8936 
70 656.2153360923212 653.9565 
71 650.8036965253916 628.6378 
72 661.2125481341905 618.736 
73 648.8560074179277 679.9978 
74 652.5744922281166 656.5834 
75 661.0737127870234 623.3922 
76 651.3249334305445 652.2859 
77 647.9288202757182 632.3073 
78 656.3627853659625 674.5424 
79 652.543671330506 666.497 
80 646.8591081472044 696.7739 
81 660.6067764005992 672.6293 
82 661.108649471759 654.9463 
83 653.868432939988 641.6169 
84 654.0521212965014 649.318 
85 643.3491337271552 652.6634 
86 651.0501317436726 689.1067 
87 647.3615874311932 663.5848 
88 661.1633329783019 654.4887 
89 647.5643986785267 653.9748 
90 660.5776118637763 691.9488 
91 660.5691055405364 697.77 
92 652.7895877155106 643.2564 
93 653.9542336295171 633.1933 
94 648.9046175216588 634.2631 
95 656.6038904141247 687.0622 
96 660.7030801315663 669.2775 
97 643.4766597019831 635.2446 
98 660.7170548054605 636.4308 
99 660.7583712326262 645.9282 
100 653.379553434298 680.3499 
101 647.0498118019341 647.9767 
102 660.9136116317562 659.3617 
103 660.5028777381677 693.9627 
104 661.391484719489 683.4809 
105 643.3593238704768 644.6522 
106 647.3281935995212 633.5348 
107 643.5867866756987 675.1488 
108 661.0436368584247 630.0418 
109 660.4357385440235 679.9703 
110 654.5444359896924 689.6369 
111 657.6400394695723 657.9756 
112 649.4351573813415 669.0062 
113 652.3127951872755 638.0173 
114 661.1390291976161 638.3001 
115 654.6745493420117 667.6636 
116 649.8017810883914 653.1257 
117 650.4602552743714 666.6416 
118 646.5358705353707 686.029 
119 649.7437593998392 635.1898 
120 653.6270700181173 656.048 
121 648.1299063990001 658.6564 
122 642.8869530912478 633.9025 
123 650.5219887877665 642.4748 
124 647.8378842099884 644.8385 
125 655.5212671991546 664.3046 
126 642.0266173093448 664.2749 
127 661.2590291147518 686.6834 
128 661.2377633066519 665.0364 
129 660.8249028322534 641.8493 
130 644.5455514245266 650.3226 
131 660.7902699447762 691.3552 
132 660.5858143897577 656.7124 
133 661.3987758536947 647.6504 
134 652.5844220290421 691.8938 
135 650.4041341229838 654.7981 
136 649.647209737758 644.3445 
137 660.887485067519 656.8144 
138 650.9293644276964 662.1077 
139 654.6244719879376 688.0681 
140 653.1513326857245 656.08 
141 660.4384727193506 686.9817 
142 653.1850924042244 690.3156 
143 651.6813445276083 636.6934 
144 646.234996825112 674.206 
145 654.6410718154004 666.8609 
146 661.0600419103876 642.7171 
147 648.4009725600208 653.5836 
148 661.0111305517576 661.3081 
149 649.6899920704147 653.2161 
150 661.095889986899 679.125 
151 660.6362447346805 665.1759 
152 650.2499735925073 700.856 
153 660.4630802972949 642.3945 
154 660.7073332931863 656.3764 
155 646.744812977988 647.0515 
156 649.248640068574 648.1707 
157 660.5782194582935 623.99 
158 644.7309249091376 671.9438 
159 661.0995355540019 651.4737 
160 642.0633115285309 635.3186 
161 657.5515821510426 626.7063 
162 650.4586363119236 643.1575 
163 660.4758397821549 672.4399 
164 660.5928017267048 675.6801 
165 652.7374605808545 651.815 
166 660.8729027991076 646.5425 
167 660.829459791132 660.5606 
168 660.9048015112577 639.61 
169 660.6538649756777 686.193 
170 660.6836371070177 643.8762 
171 655.897906253585 620.6754 
172 655.2139607209182 692.6398 
173 648.7547094987945 668.2921 
174 661.2684468297675 664.5458 
175 646.750728764205 668.1419 
176 654.015427694487 653.9684 
177 661.0600419103876 681.4307 
178 660.1663790879787 658.5251 
179 661.0241938338762 615.4254 
180 650.8683851546217 639.6909 
181 647.7333883619135 613.702 
182 660.6547763674535 685.8517 
183 653.9057321560774 664.7361 
184 645.7065510621683 635.8372 
185 661.0949785951233 662.6198 
186 656.6096969528785 663.8164 
187 653.2774969546413 647.9506 
188 647.5478019369232 647.2131 
189 655.6878830626014 644.0546 
190 653.0676054777853 632.5527 
191 647.7477011502351 627.8167 
192 660.5605992172963 660.8637 
193 653.4659566520429 626.2496 
194 649.5265498177293 677.3086 
195 656.3450629426637 693.8523 
196 660.8328015609762 664.6677 
197 660.9354850343734 668.6438 
198 652.9354817236663 640.1431 
199 650.8259711774805 643.9845 
200 660.4287512070764 660.9462 
201 646.8514441530995 622.8825 
202 653.628493569475 660.0771 
203 642.912036701614 655.2724 
204 645.4865100551167 619.8654 
205 653.3725387532536 650.6441 
206 646.4642503028633 655.9186 
207 654.1543725700762 677.498 
208 660.8583205306962 679.2422 
209 653.9886838913753 677.0427 
210 660.4536625822792 659.1481 
211 661.0816115157462 658.3559 
212 660.518978992872 670.8307 
213 646.9491831938383 681.8267 
214 660.8163965090134 663.0761 
215 656.0255177748678 637.3524 
216 652.7708300943464 656.9793 
217 654.0517541753295 660.4436 
218 655.3851300474989 662.7216 
219 660.4734094040863 657.1395 
220 651.6199144384226 630.3829 
221 649.1113809382543 617.4641 
222 649.6034134395568 659.6801 
223 654.1947986120822 678.9598 
224 644.9006045187107 648.3722 
225 652.5349065900577 623.7118 
226 652.502938778431 655.453 
227 653.7001144191543 640.547 
228 652.1072836119561 664.4936 
229 652.3287244693572 695.2264 
230 660.4627765000363 627.2818 
231 660.599789063652 681.88 
232 643.4870621685122 645.648 
233 653.8575316381593 639.8623 
234 656.175427032076 645.3193 
235 652.2953549558654 630.7444 
236 644.4220856320802 622.3778 
237 653.368283776954 653.688 
238 648.3909802964768 644.0519 
239 650.5655915263934 645.8068 
240 648.1918340891415 659.3805 
241 660.667839649572 667.8154 
242 655.1873455460749 639.812 
243 660.9297128864605 664.482 
244 651.6417582723776 624.7281 
245 661.238370901169 627.965 
246 655.5920882580124 645.225 
247 650.5826227891622 612.5079 
248 652.6498049046618 649.9246 
249 659.3255096170593 652.9101 
250 660.5666751624677 661.7256 
251 655.8045302022651 659.2258 
252 646.8643084547111 679.5886 

