0 16822.50165607478 18092.0 
1 16822.50165607478 17145.0 
2 16822.50165607478 16066.0 
3 16822.50165607478 16188.0 
4 16822.50165607478 16479.0 
5 16822.50165607478 16642.0 
6 16822.50165607478 17153.0 
7 16822.50165607478 15201.0 
8 16822.50165607478 17112.0 
9 16822.50165607478 17577.0 
10 16822.50165607478 17287.0 
11 16822.50165607478 17292.0 
12 16822.50165607478 18302.0 
13 16822.50165607478 16662.0 
14 16822.50165607478 18527.0 
15 16822.50165607478 16606.0 
16 16822.50165607478 18030.0 
17 16822.50165607478 17781.0 
18 16822.50165607478 17537.0 
19 16822.50165607478 16935.0 
20 16822.50165607478 18218.0 
21 16822.50165607478 18181.0 
22 16822.50165607478 17286.0 
23 16822.50165607478 16681.0 
24 16822.50165607478 16603.0 
25 16822.50165607478 18230.0 
26 16822.50165607478 17187.0 
27 16822.50165607478 17047.0 
28 16822.50165607478 17308.0 
29 16822.50165607478 17052.0 
30 16822.50165607478 16549.578 
31 16822.50165607478 17296.5437 
32 16822.50165607478 17012.2492 
33 16822.50165607478 15920.637 
34 16822.50165607478 17199.8077 
35 16822.50165607478 17161.3666 
36 16822.50165607478 16318.1817 
37 16822.50165607478 16300.3048 
38 16822.50165607478 16955.8126 
39 16822.50165607478 16389.9954 
40 16822.50165607478 16397.9654 
41 16822.50165607478 16061.6505 
42 16822.50165607478 18179.9864 
43 16822.50165607478 18007.6025 
44 16822.50165607478 16800.0703 
45 16822.50165607478 17891.1783 
46 16822.50165607478 15859.4907 
47 16822.50165607478 17854.6646 
48 16822.50165607478 17257.5622 
49 16822.50165607478 16027.6908 
50 16822.50165607478 17733.6733 
51 16822.50165607478 16633.4077 
52 16822.50165607478 16460.9038 
53 16822.50165607478 17385.511 
54 16822.50165607478 16312.0633 
55 16822.50165607478 16258.7947 
56 16822.50165607478 16557.0997 
57 16822.50165607478 16372.0545 
58 16822.50165607478 16650.8582 
59 16822.50165607478 16187.8028 
60 16822.50165607478 16394.8245 
61 16822.50165607478 16513.0578 
62 16822.50165607478 15712.424 
63 16822.50165607478 17310.3255 
64 16822.50165607478 15855.7207 
65 16822.50165607478 16959.53 
66 16822.50165607478 17438.3206 
67 16822.50165607478 15658.4246 
68 16822.50165607478 17310.2276 
69 16822.50165607478 17268.1633 
70 16822.50165607478 16927.4125 
71 16822.50165607478 16560.8047 
72 16822.50165607478 17930.6415 
73 16822.50165607478 16331.7304 
74 16822.50165607478 17082.6803 
75 16822.50165607478 15875.3523 
76 16822.50165607478 16309.4649 
77 16822.50165607478 17257.0579 
78 16822.50165607478 17113.1474 
79 16822.50165607478 16960.3102 
80 16822.50165607478 17416.3713 
81 16822.50165607478 15769.9982 
82 16822.50165607478 15397.9066 
83 16822.50165607478 16196.0525 
84 16822.50165607478 16185.5839 
85 16822.50165607478 17818.1352 
86 16822.50165607478 15350.131 
87 16822.50165607478 16209.7645 
88 16822.50165607478 17366.6772 
89 16822.50165607478 16817.5385 
90 16822.50165607478 15634.0548 
91 16822.50165607478 17260.5029 
92 16822.50165607478 17780.2429 
93 16822.50165607478 15281.2195 
94 16822.50165607478 15449.8676 
95 16822.50165607478 16173.3531 
96 16822.50165607478 15601.8439 
97 16822.50165607478 15724.7866 
98 16822.50165607478 16471.4644 
99 16822.50165607478 16388.3116 
100 16822.50165607478 17696.7467 
101 16822.50165607478 16129.1361 
102 16822.50165607478 15396.4661 
103 16822.50165607478 17365.087 
104 16822.50165607478 16276.4654 
105 16822.50165607478 16818.5291 
106 16822.50165607478 16329.8557 
107 16822.50165607478 17514.1728 
108 16822.50165607478 17194.1006 
109 16822.50165607478 16506.7332 
110 16822.50165607478 16847.0349 
111 16822.50165607478 17722.3968 
112 16822.50165607478 16418.2793 
113 16822.50165607478 17066.4004 
114 16822.50165607478 16484.5273 
115 16822.50165607478 17484.2388 
116 16822.50165607478 16540.4542 
117 16822.50165607478 16764.7266 
118 16822.50165607478 16403.2853 
119 16822.50165607478 16377.0285 
120 16822.50165607478 17953.2354 
121 16822.50165607478 17869.0603 
122 16822.50165607478 16054.4748 
123 16822.50165607478 17890.6785 
124 16822.50165607478 16667.2599 
125 16822.50165607478 16395.2845 
126 16822.50165607478 17280.1862 
127 16822.50165607478 16405.2932 
128 16822.50165607478 17026.4862 
129 16822.50165607478 16466.1528 
130 16822.50165607478 17774.3962 
131 16822.50165607478 17164.8472 
132 16822.50165607478 17132.7133 
133 16822.50165607478 17368.2486 
134 16822.50165607478 16623.5222 
135 16822.50165607478 15941.5333 
136 16822.50165607478 17982.273 
137 16822.50165607478 16346.9929 
138 16822.50165607478 16487.2825 
139 16822.50165607478 16043.9377 
140 16822.50165607478 17422.9925 
141 16822.50165607478 17008.1558 
142 16822.50165607478 16807.5507 
143 16822.50165607478 17001.5371 
144 16822.50165607478 16780.8483 
145 16822.50165607478 17427.3125 
146 16822.50165607478 17228.9715 
147 16822.50165607478 16300.0021 
148 16822.50165607478 16294.0474 
149 16822.50165607478 17613.8388 
150 16822.50165607478 16200.181 
151 16822.50165607478 18035.9327 
152 16822.50165607478 16552.0101 
153 16822.50165607478 16994.081 
154 16822.50165607478 16652.2699 
155 16822.50165607478 15962.747 
156 16822.50165607478 16576.6901 
157 16822.50165607478 16991.417 
158 16822.50165607478 16855.4147 
159 16822.50165607478 17750.8248 
160 16822.50165607478 16899.1205 
161 16822.50165607478 17376.8893 
162 16822.50165607478 17591.0029 
163 16822.50165607478 16477.8337 
164 16822.50165607478 17021.3494 
165 16822.50165607478 16198.7241 
166 16822.50165607478 16069.7314 
167 16822.50165607478 17657.379 
168 16822.50165607478 18297.1055 
169 16822.50165607478 15949.8258 
170 16822.50165607478 15679.0973 
171 16822.50165607478 18242.6577 
172 16822.50165607478 16589.245 
173 16822.50165607478 15341.8165 
174 16822.50165607478 17465.2309 
175 16822.50165607478 16426.5381 
176 16822.50165607478 17129.5607 
177 16822.50165607478 16447.4216 
178 16822.50165607478 15670.9895 
179 16822.50165607478 15953.9221 
180 16822.50165607478 17714.8173 
181 16822.50165607478 16604.3124 
182 16822.50165607478 16283.1216 
183 16822.50165607478 15317.4632 
184 16822.50165607478 17597.7969 
185 16822.50165607478 17127.2251 
186 16822.50165607478 16304.7568 
187 16822.50165607478 16131.1469 
188 16822.50165607478 16708.5372 
189 16822.50165607478 17334.4525 
190 16822.50165607478 18368.1544 
191 16822.50165607478 17670.927 
192 16822.50165607478 16164.5147 
193 16822.50165607478 15895.799 
194 16822.50165607478 17108.5429 
195 16822.50165607478 16123.2371 
196 16822.50165607478 16510.7744 
197 16822.50165607478 16722.7233 
198 16822.50165607478 15862.5134 
199 16822.50165607478 16946.9923 
200 16822.50165607478 16623.5665 
201 16822.50165607478 15322.2305 
202 16822.50165607478 17376.9269 
203 16822.50165607478 17513.5775 
204 16822.50165607478 17170.0182 
205 16822.50165607478 16468.7573 
206 16822.50165607478 15759.0439 
207 16822.50165607478 18138.7882 
208 16822.50165607478 16505.022 
209 16822.50165607478 17793.1523 
210 16822.50165607478 18048.5013 
211 16822.50165607478 16458.4457 
212 16822.50165607478 17498.523 
213 16822.50165607478 16224.2689 

